<?xml version="1.0" encoding="UTF-8"?>
<testng-results ignored="0" total="1" passed="1" failed="0" skipped="0">
  <reporter-output>
  </reporter-output>
  <suite started-at="2023-11-04T12:54:37 EDT" name="Default suite" finished-at="2023-11-04T12:54:55 EDT" duration-ms="17386">
    <groups>
    </groups>
    <test started-at="2023-11-04T12:54:37 EDT" name="Default test" finished-at="2023-11-04T12:54:55 EDT" duration-ms="17386">
      <class name="com.tutorialsninja.TestCases.AddToCartTest">
        <test-method is-config="true" signature="setup()[pri:0, instance:com.tutorialsninja.TestCases.AddToCartTest@130c12b7]" started-at="2023-11-04T12:54:37 EDT" name="setup" finished-at="2023-11-04T12:54:43 EDT" duration-ms="6184" status="PASS">
          <reporter-output>
          </reporter-output>
        </test-method> <!-- setup -->
        <test-method signature="checkingOutValidProduct()[pri:0, instance:com.tutorialsninja.TestCases.AddToCartTest@130c12b7]" started-at="2023-11-04T12:54:44 EDT" name="checkingOutValidProduct" finished-at="2023-11-04T12:54:54 EDT" duration-ms="10881" status="PASS">
          <reporter-output>
          </reporter-output>
        </test-method> <!-- checkingOutValidProduct -->
        <test-method is-config="true" signature="tearDown()[pri:0, instance:com.tutorialsninja.TestCases.AddToCartTest@130c12b7]" started-at="2023-11-04T12:54:54 EDT" name="tearDown" finished-at="2023-11-04T12:54:55 EDT" duration-ms="258" status="PASS">
          <reporter-output>
          </reporter-output>
        </test-method> <!-- tearDown -->
      </class> <!-- com.tutorialsninja.TestCases.AddToCartTest -->
    </test> <!-- Default test -->
  </suite> <!-- Default suite -->
</testng-results>
